<?xml version="1.0" encoding="UTF-8"?>
<testng-results skipped="0" failed="0" ignored="0" total="1" passed="1">
  <reporter-output>
  </reporter-output>
  <suite name="Default suite" duration-ms="54325" started-at="2020-03-06T17:46:43 EET" finished-at="2020-03-06T17:47:37 EET">
    <groups>
    </groups>
    <test name="Default test" duration-ms="54325" started-at="2020-03-06T17:46:43 EET" finished-at="2020-03-06T17:47:37 EET">
      <class name="test.LoginTest">
        <test-method status="PASS" signature="setUp()[pri:0, instance:test.LoginTest@1e965684]" name="setUp" is-config="true" duration-ms="44137" started-at="2020-03-06T17:46:43 EET" finished-at="2020-03-06T17:47:27 EET">
          <reporter-output>
          </reporter-output>
        </test-method> <!-- setUp -->
        <test-method status="PASS" signature="userlogin()[pri:0, instance:test.LoginTest@1e965684]" name="userlogin" duration-ms="10121" started-at="2020-03-06T17:47:27 EET" finished-at="2020-03-06T17:47:37 EET">
          <reporter-output>
          </reporter-output>
        </test-method> <!-- userlogin -->
      </class> <!-- test.LoginTest -->
    </test> <!-- Default test -->
  </suite> <!-- Default suite -->
</testng-results>
